2023-03-14 12:52:15 [main] INFO  c.m.d.t.t.k.s.TwitterToKafkaServiceApplication - Starting TwitterToKafkaServiceApplication using Java 17.0.6 on Amber with PID 13696 (D:\Java\microservices\com.microservices.demo\twitter-to-kafka-service\target\classes started by Solo in D:\Java\microservices\com.microservices.demo)
2023-03-14 12:52:15 [main] INFO  c.m.d.t.t.k.s.TwitterToKafkaServiceApplication - No active profile set, falling back to 1 default profile: "default"
2023-03-14 12:52:15 [main] INFO  c.m.d.t.t.k.s.TwitterToKafkaServiceApplication - Started TwitterToKafkaServiceApplication in 1.01 seconds (JVM running for 2.305)
2023-03-14 12:52:15 [main] INFO  c.m.d.t.t.k.s.TwitterToKafkaServiceApplication - App starts...
2023-03-14 12:52:15 [main] INFO  c.m.d.t.t.k.s.TwitterToKafkaServiceApplication - [Java, Microservices, Spring, Kafka, Elasticsearch]
2023-03-14 12:52:15 [main] INFO  c.m.d.t.t.k.s.TwitterToKafkaServiceApplication - Hello microservices
2023-03-14 12:52:15 [main] INFO  c.m.d.t.t.k.s.r.i.MockKafkaStreamRunner - Starting to mock twitter stream for keywords [Java, Microservices, Spring, Kafka, Elasticsearch]
2023-03-14 12:52:15 [pool-1-thread-1] INFO  c.m.d.t.t.k.s.l.TwitterKafkaStatusListener - Twitter status with text sed libero ipsum libero conque Elasticsearch ipsum libero ultricies malesuada
2023-03-14 12:52:16 [pool-1-thread-1] INFO  c.m.d.t.t.k.s.l.TwitterKafkaStatusListener - Twitter status with text Fusce purus Spring
2023-03-14 12:52:17 [pool-1-thread-1] INFO  c.m.d.t.t.k.s.l.TwitterKafkaStatusListener - Twitter status with text purus ipsum lectus malesuada ipsum Microservices elit porttitor libero
2023-03-14 12:52:18 [pool-1-thread-1] INFO  c.m.d.t.t.k.s.l.TwitterKafkaStatusListener - Twitter status with text libero sed ultricies libero ipsum Microservices sit Maecenas conque Maecenas
2023-03-14 12:52:19 [pool-1-thread-1] INFO  c.m.d.t.t.k.s.l.TwitterKafkaStatusListener - Twitter status with text amet magna massa Kafka magna
2023-03-14 12:52:20 [pool-1-thread-1] INFO  c.m.d.t.t.k.s.l.TwitterKafkaStatusListener - Twitter status with text adipiscing conque dolor purus Kafka lectus Fusce
2023-03-14 12:52:22 [pool-1-thread-1] INFO  c.m.d.t.t.k.s.l.TwitterKafkaStatusListener - Twitter status with text Maecenas massa magna adipiscing consectetuer Elasticsearch Lorem elit sed
2023-03-14 12:52:23 [pool-1-thread-1] INFO  c.m.d.t.t.k.s.l.TwitterKafkaStatusListener - Twitter status with text ultricies amet conque adipiscing Lorem Elasticsearch malesuada elit sed malesuada
2023-03-14 12:52:24 [pool-1-thread-1] INFO  c.m.d.t.t.k.s.l.TwitterKafkaStatusListener - Twitter status with text 
2023-03-14 12:52:25 [pool-1-thread-1] INFO  c.m.d.t.t.k.s.l.TwitterKafkaStatusListener - Twitter status with text pulvinar sed dolor malesuada sed consectetuer Microservices Fusce sed consectetuer purus elit
2023-03-14 12:52:26 [pool-1-thread-1] INFO  c.m.d.t.t.k.s.l.TwitterKafkaStatusListener - Twitter status with text consectetuer amet ultricies sit porttitor sit posuere amet Java libero sed dolor elit massa massa elit
2023-03-14 12:52:27 [pool-1-thread-1] INFO  c.m.d.t.t.k.s.l.TwitterKafkaStatusListener - Twitter status with text porttitor adipiscing Lorem sit purus Spring massa massa purus ultricies
2023-03-14 14:26:52 [main] INFO  c.m.d.t.t.k.s.TwitterToKafkaServiceApplication - Starting TwitterToKafkaServiceApplication using Java 17.0.6 on Amber with PID 1436 (D:\Java\microservices\com.microservices.demo\twitter-to-kafka-service\target\classes started by Solo in D:\Java\microservices\com.microservices.demo)
2023-03-14 14:26:52 [main] INFO  c.m.d.t.t.k.s.TwitterToKafkaServiceApplication - No active profile set, falling back to 1 default profile: "default"
2023-03-14 14:26:52 [main] INFO  c.m.d.t.t.k.s.TwitterToKafkaServiceApplication - Started TwitterToKafkaServiceApplication in 0.805 seconds (JVM running for 1.525)
2023-03-14 14:26:52 [main] INFO  c.m.d.t.t.k.s.TwitterToKafkaServiceApplication - App starts...
2023-03-14 14:26:52 [main] INFO  c.m.d.t.t.k.s.TwitterToKafkaServiceApplication - [Java, Microservices, Spring, Kafka, Elasticsearch]
2023-03-14 14:26:52 [main] INFO  c.m.d.t.t.k.s.TwitterToKafkaServiceApplication - Hello microservices
2023-03-14 14:26:52 [main] INFO  c.m.d.t.t.k.s.r.i.MockKafkaStreamRunner - Starting to mock twitter stream for keywords [Java, Microservices, Spring, Kafka, Elasticsearch]
2023-03-14 14:26:52 [pool-1-thread-1] INFO  c.m.d.t.t.k.s.l.TwitterKafkaStatusListener - Twitter status with text sit ultricies Spring
2023-03-14 14:26:53 [pool-1-thread-1] INFO  c.m.d.t.t.k.s.l.TwitterKafkaStatusListener - Twitter status with text 
2023-03-14 14:26:54 [pool-1-thread-1] INFO  c.m.d.t.t.k.s.l.TwitterKafkaStatusListener - Twitter status with text Maecenas lectus adipiscing Maecenas purus purus dolor Spring consectetuer sed dolor elit magna consectetuer
2023-03-14 14:26:55 [pool-1-thread-1] INFO  c.m.d.t.t.k.s.l.TwitterKafkaStatusListener - Twitter status with text dolor ultricies Java posuere
2023-03-14 14:26:56 [pool-1-thread-1] INFO  c.m.d.t.t.k.s.l.TwitterKafkaStatusListener - Twitter status with text malesuada consectetuer Java lectus
2023-03-14 14:26:57 [pool-1-thread-1] INFO  c.m.d.t.t.k.s.l.TwitterKafkaStatusListener - Twitter status with text Lorem elit Elasticsearch
2023-03-14 14:26:58 [pool-1-thread-1] INFO  c.m.d.t.t.k.s.l.TwitterKafkaStatusListener - Twitter status with text ipsum libero Maecenas libero consectetuer adipiscing magna Microservices sit sed elit magna pulvinar
2023-03-14 14:26:59 [pool-1-thread-1] INFO  c.m.d.t.t.k.s.l.TwitterKafkaStatusListener - Twitter status with text amet ultricies libero sit Java massa massa
2023-03-14 14:27:00 [pool-1-thread-1] INFO  c.m.d.t.t.k.s.l.TwitterKafkaStatusListener - Twitter status with text ultricies Fusce dolor ultricies Maecenas magna sit pulvinar Java ultricies Fusce sed dolor dolor adipiscing
2023-03-14 14:27:01 [pool-1-thread-1] INFO  c.m.d.t.t.k.s.l.TwitterKafkaStatusListener - Twitter status with text magna Maecenas sed lectus Lorem massa sit Elasticsearch sed conque massa conque Lorem sit
2023-03-14 14:27:03 [pool-1-thread-1] INFO  c.m.d.t.t.k.s.l.TwitterKafkaStatusListener - Twitter status with text sed malesuada Elasticsearch sit
2023-03-14 14:27:04 [pool-1-thread-1] INFO  c.m.d.t.t.k.s.l.TwitterKafkaStatusListener - Twitter status with text 
